# JRE version: OpenJDK Runtime Environment (11.0.5+10) (build 11.0.5+10-post-Ubuntu-0ubuntu1.118.04)
# Java VM: OpenJDK 64-Bit Server VM (11.0.5+10-post-Ubuntu-0ubuntu1.118.04, mixed mode, sharing, tiered, compressed oops, g1 gc, linux-amd64)
Heap:
 garbage-first heap   total 96256K, used 56749K [0x0000000706c00000, 0x0000000800000000)
  region size 1024K, 28 young (28672K), 4 survivors (4096K)
 Metaspace       used 56830K, capacity 58838K, committed 59036K, reserved 1099776K
  class space    used 7683K, capacity 8437K, committed 8448K, reserved 1048576K
GC Heap History (20 events):
Event: 199.470 GC heap after
{Heap after GC invocations=17 (full 3):
 garbage-first heap   total 96256K, used 32003K [0x0000000706c00000, 0x0000000800000000)
  region size 1024K, 4 young (4096K), 4 survivors (4096K)
 Metaspace       used 54321K, capacity 56123K, committed 56348K, reserved 1097728K
  class space    used 7398K, capacity 8056K, committed 8064K, reserved 1048576K
}
Event: 202.964 GC heap before
{Heap before GC invocations=17 (full 3):
 garbage-first heap   total 96256K, used 45315K [0x0000000706c00000, 0x0000000800000000)
  region size 1024K, 19 young (19456K), 4 survivors (4096K)
 Metaspace       used 54338K, capacity 56129K, committed 56348K, reserved 1097728K
  class space    used 7399K, capacity 8058K, committed 8064K, reserved 1048576K
}
Event: 202.996 GC heap after
{Heap after GC invocations=18 (full 4):
 garbage-first heap   total 96256K, used 28053K [0x0000000706c00000, 0x0000000800000000)
  region size 1024K, 0 young (0K), 0 survivors (0K)
 Metaspace       used 54327K, capacity 56111K, committed 56348K, reserved 1097728K
  class space    used 7398K, capacity 8054K, committed 8064K, reserved 1048576K
}
Event: 203.147 GC heap before
{Heap before GC invocations=18 (full 4):
 garbage-first heap   total 96256K, used 73109K [0x0000000706c00000, 0x0000000800000000)
  region size 1024K, 45 young (46080K), 0 survivors (0K)
 Metaspace       used 54375K, capacity 56231K, committed 56476K, reserved 1097728K
  class space    used 7407K, capacity 8094K, committed 8192K, reserved 1048576K
}
Event: 203.150 GC heap after
{Heap after GC invocations=19 (full 4):
 garbage-first heap   total 96256K, used 30101K [0x0000000706c00000, 0x0000000800000000)
  region size 1024K, 2 young (2048K), 2 survivors (2048K)
 Metaspace       used 54375K, capacity 56231K, committed 56476K, reserved 1097728K
  class space    used 7407K, capacity 8094K, committed 8192K, reserved 1048576K
}
Event: 203.284 GC heap before
{Heap before GC invocations=19 (full 4):
 garbage-first heap   total 96256K, used 75157K [0x0000000706c00000, 0x0000000800000000)
  region size 1024K, 47 young (48128K), 2 survivors (2048K)
 Metaspace       used 54501K, capacity 56371K, committed 56476K, reserved 1097728K
  class space    used 7417K, capacity 8096K, committed 8192K, reserved 1048576K
}
Event: 203.289 GC heap after
{Heap after GC invocations=20 (full 4):
 garbage-first heap   total 96256K, used 31328K [0x0000000706c00000, 0x0000000800000000)
  region size 1024K, 4 young (4096K), 4 survivors (4096K)
 Metaspace       used 54501K, capacity 56371K, committed 56476K, reserved 1097728K
  class space    used 7417K, capacity 8096K, committed 8192K, reserved 1048576K
}
Event: 296.873 GC heap before
{Heap before GC invocations=20 (full 4):
 garbage-first heap   total 96256K, used 54880K [0x0000000706c00000, 0x0000000800000000)
  region size 1024K, 29 young (29696K), 4 survivors (4096K)
 Metaspace       used 55659K, capacity 57451K, committed 57884K, reserved 1099776K
  class space    used 7537K, capacity 8200K, committed 8320K, reserved 1048576K
}
Event: 296.926 GC heap after
{Heap after GC invocations=21 (full 5):
 garbage-first heap   total 96256K, used 28742K [0x0000000706c00000, 0x0000000800000000)
  region size 1024K, 0 young (0K), 0 survivors (0K)
 Metaspace       used 55649K, capacity 57433K, committed 57884K, reserved 1099776K
  class space    used 7535K, capacity 8196K, committed 8320K, reserved 1048576K
}
Event: 297.093 GC heap before
{Heap before GC invocations=21 (full 5):
 garbage-first heap   total 96256K, used 73798K [0x0000000706c00000, 0x0000000800000000)
  region size 1024K, 45 young (46080K), 0 survivors (0K)
 Metaspace       used 55742K, capacity 57625K, committed 57884K, reserved 1099776K
  class space    used 7552K, capacity 8250K, committed 8320K, reserved 1048576K
}
Event: 297.096 GC heap after
{Heap after GC invocations=22 (full 5):
 garbage-first heap   total 96256K, used 30790K [0x0000000706c00000, 0x0000000800000000)
  region size 1024K, 2 young (2048K), 2 survivors (2048K)
 Metaspace       used 55742K, capacity 57625K, committed 57884K, reserved 1099776K
  class space    used 7552K, capacity 8250K, committed 8320K, reserved 1048576K
}
Event: 297.220 GC heap before
{Heap before GC invocations=22 (full 5):
 garbage-first heap   total 96256K, used 74822K [0x0000000706c00000, 0x0000000800000000)
  region size 1024K, 46 young (47104K), 2 survivors (2048K)
 Metaspace       used 55868K, capacity 57765K, committed 57884K, reserved 1099776K
  class space    used 7562K, capacity 8252K, committed 8320K, reserved 1048576K
}
Event: 297.224 GC heap after
{Heap after GC invocations=23 (full 5):
 garbage-first heap   total 96256K, used 31915K [0x0000000706c00000, 0x0000000800000000)
  region size 1024K, 4 young (4096K), 4 survivors (4096K)
 Metaspace       used 55868K, capacity 57765K, committed 57884K, reserved 1099776K
  class space    used 7562K, capacity 8252K, committed 8320K, reserved 1048576K
}
Event: 337.758 GC heap before
{Heap before GC invocations=23 (full 5):
 garbage-first heap   total 96256K, used 50347K [0x0000000706c00000, 0x0000000800000000)
  region size 1024K, 24 young (24576K), 4 survivors (4096K)
 Metaspace       used 55912K, capacity 57786K, committed 57884K, reserved 1099776K
  class space    used 7567K, capacity 8259K, committed 8320K, reserved 1048576K
}
Event: 337.815 GC heap after
{Heap after GC invocations=24 (full 6):
 garbage-first heap   total 96256K, used 28901K [0x0000000706c00000, 0x0000000800000000)
  region size 1024K, 0 young (0K), 0 survivors (0K)
 Metaspace       used 55902K, capacity 57768K, committed 57884K, reserved 1099776K
  class space    used 7566K, capacity 8255K, committed 8320K, reserved 1048576K
}
Event: 337.987 GC heap before
{Heap before GC invocations=24 (full 6):
 garbage-first heap   total 96256K, used 73957K [0x0000000706c00000, 0x0000000800000000)
  region size 1024K, 45 young (46080K), 0 survivors (0K)
 Metaspace       used 55953K, capacity 57894K, committed 58140K, reserved 1099776K
  class space    used 7576K, capacity 8296K, committed 8320K, reserved 1048576K
}
Event: 337.991 GC heap after
{Heap after GC invocations=25 (full 6):
 garbage-first heap   total 96256K, used 31077K [0x0000000706c00000, 0x0000000800000000)
  region size 1024K, 3 young (3072K), 3 survivors (3072K)
 Metaspace       used 55953K, capacity 57894K, committed 58140K, reserved 1099776K
  class space    used 7576K, capacity 8296K, committed 8320K, reserved 1048576K
}
Event: 338.126 GC heap before
{Heap before GC invocations=25 (full 6):
 garbage-first heap   total 96256K, used 75109K [0x0000000706c00000, 0x0000000800000000)
  region size 1024K, 47 young (48128K), 3 survivors (3072K)
 Metaspace       used 56079K, capacity 58034K, committed 58140K, reserved 1099776K
  class space    used 7586K, capacity 8298K, committed 8320K, reserved 1048576K
}
Event: 338.131 GC heap after
{Heap after GC invocations=26 (full 6):
 garbage-first heap   total 96256K, used 32173K [0x0000000706c00000, 0x0000000800000000)
  region size 1024K, 4 young (4096K), 4 survivors (4096K)
 Metaspace       used 56079K, capacity 58034K, committed 58140K, reserved 1099776K
  class space    used 7586K, capacity 8298K, committed 8320K, reserved 1048576K
}
Event: 374.663 GC heap before
{Heap before GC invocations=26 (full 6):
 garbage-first heap   total 96256K, used 54701K [0x0000000706c00000, 0x0000000800000000)
  region size 1024K, 28 young (28672K), 4 survivors (4096K)
 Metaspace       used 56830K, capacity 58838K, committed 59036K, reserved 1099776K
  class space    used 7683K, capacity 8437K, committed 8448K, reserved 1048576K
}

